<?xml version="1.0" encoding="UTF-8"?>
<!-- Generated by org.testng.reporters.JUnitXMLReporter -->
<testsuite ignored="0" hostname="AnnieSneha" failures="1" tests="13" name="Surefire test" time="96.948" errors="0" timestamp="2024-09-01T20:42:17 IST">
  <testcase classname="test.FinalTest" name="CompareItems" time="4.79"/>
  <testcase classname="test.FinalTest" name="Mens_Search" time="1.555"/>
  <testcase classname="test.FinalTest" name="Search_Mall" time="3.919"/>
  <testcase classname="test.FinalTest" name="SortBy" time="12.074"/>
  <testcase classname="test.FinalTest" name="Womens_Dress" time="3.52"/>
  <testcase classname="test.FinalTest" name="Womens_Kurthi" time="1.802"/>
  <testcase classname="test.FinalTest" name="Womens_NAll" time="2.953"/>
  <testcase classname="test.FinalTest" name="Womens_NPcs" time="2.549"/>
  <testcase classname="test.FinalTest" name="Womens_NPrice" time="2.881"/>
  <testcase classname="test.FinalTest" name="Womens_NTypes" time="2.104">
    <failure type="org.openqa.selenium.StaleElementReferenceException" message="stale element reference: stale element not found in the current frame
  (Session info: chrome=128.0.6613.113)
For documentation on this error, please visit: https://www.selenium.dev/documentation/webdriver/troubleshooting/errors#stale-element-reference-exception
Build info: version: &amp;apos;4.23.0&amp;apos;, revision: &amp;apos;4df0a231af&amp;apos;
System info: os.name: &amp;apos;Windows 11&amp;apos;, os.arch: &amp;apos;amd64&amp;apos;, os.version: &amp;apos;10.0&amp;apos;, java.version: &amp;apos;21.0.3&amp;apos;
Driver info: org.openqa.selenium.chrome.ChromeDriver
Command: [71b48c24d35a458544f579f28840f8f0, clickElement {id=f.8DF335DBE8D5E8C3E10BC26B7D52FCEB.d.114D343955A22FA9756994DEABDBD7E8.e.161}]
Capabilities {acceptInsecureCerts: false, browserName: chrome, browserVersion: 128.0.6613.113, chrome: {chromedriverVersion: 128.0.6613.86 (3045ed680fda..., userDataDir: C:\Users\annie\AppData\Loca...}, fedcm:accounts: true, goog:chromeOptions: {debuggerAddress: localhost:49276}, networkConnectionEnabled: false, pageLoadStrategy: normal, platformName: windows, proxy: Proxy(), se:cdp: ws://localhost:49276/devtoo..., se:cdpVersion: 128.0.6613.113, setWindowRect: true, strictFileInteractability: false, timeouts: {implicit: 0, pageLoad: 300000, script: 30000}, unhandledPromptBehavior: dismiss and notify, webauthn:extension:credBlob: true, webauthn:extension:largeBlob: true, webauthn:extension:minPinLength: true, webauthn:extension:prf: true, webauthn:virtualAuthenticators: true}
Element: [[ChromeDriver: chrome on windows (71b48c24d35a458544f579f28840f8f0)] -&amp;gt; name: Nighties]
Session ID: 71b48c24d35a458544f579f28840f8f0">
      <![CDATA[org.openqa.selenium.StaleElementReferenceException: stale element reference: stale element not found in the current frame
  (Session info: chrome=128.0.6613.113)
For documentation on this error, please visit: https://www.selenium.dev/documentation/webdriver/troubleshooting/errors#stale-element-reference-exception
Build info: version: '4.23.0', revision: '4df0a231af'
System info: os.name: 'Windows 11', os.arch: 'amd64', os.version: '10.0', java.version: '21.0.3'
Driver info: org.openqa.selenium.chrome.ChromeDriver
Command: [71b48c24d35a458544f579f28840f8f0, clickElement {id=f.8DF335DBE8D5E8C3E10BC26B7D52FCEB.d.114D343955A22FA9756994DEABDBD7E8.e.161}]
Capabilities {acceptInsecureCerts: false, browserName: chrome, browserVersion: 128.0.6613.113, chrome: {chromedriverVersion: 128.0.6613.86 (3045ed680fda..., userDataDir: C:\Users\annie\AppData\Loca...}, fedcm:accounts: true, goog:chromeOptions: {debuggerAddress: localhost:49276}, networkConnectionEnabled: false, pageLoadStrategy: normal, platformName: windows, proxy: Proxy(), se:cdp: ws://localhost:49276/devtoo..., se:cdpVersion: 128.0.6613.113, setWindowRect: true, strictFileInteractability: false, timeouts: {implicit: 0, pageLoad: 300000, script: 30000}, unhandledPromptBehavior: dismiss and notify, webauthn:extension:credBlob: true, webauthn:extension:largeBlob: true, webauthn:extension:minPinLength: true, webauthn:extension:prf: true, webauthn:virtualAuthenticators: true}
Element: [[ChromeDriver: chrome on windows (71b48c24d35a458544f579f28840f8f0)] -> name: Nighties]
Session ID: 71b48c24d35a458544f579f28840f8f0
at org.openqa.selenium.remote.ErrorCodec.decode(ErrorCodec.java:167)
at org.openqa.selenium.remote.codec.w3c.W3CHttpResponseCodec.decode(W3CHttpResponseCodec.java:138)
at org.openqa.selenium.remote.codec.w3c.W3CHttpResponseCodec.decode(W3CHttpResponseCodec.java:50)
at org.openqa.selenium.remote.HttpCommandExecutor.execute(HttpCommandExecutor.java:190)
at org.openqa.selenium.remote.service.DriverCommandExecutor.invokeExecute(DriverCommandExecutor.java:216)
at org.openqa.selenium.remote.service.DriverCommandExecutor.execute(DriverCommandExecutor.java:174)
at org.openqa.selenium.remote.RemoteWebDriver.execute(RemoteWebDriver.java:527)
at org.openqa.selenium.remote.RemoteWebElement.execute(RemoteWebElement.java:223)
at org.openqa.selenium.remote.RemoteWebElement.click(RemoteWebElement.java:76)
at org.openqa.selenium.support.pagefactory.internal.LocatingElementHandler.invoke(LocatingElementHandler.java:51)
at jdk.proxy2/jdk.proxy2.$Proxy11.click(Unknown Source)
at pageClasses.WomensWear_Page.Night_AllTypes(WomensWear_Page.java:363)
at test.FinalTest.Womens_NTypes(FinalTest.java:199)
at java.base/java.util.ArrayList.forEach(ArrayList.java:1596)
... Removed 35 stack frames]]>
    </failure>
  </testcase> <!-- Womens_NTypes -->
  <testcase classname="test.FinalTest" name="Womens_Nbrand" time="3.14"/>
  <testcase classname="test.FinalTest" name="Womans_Kurthi" time="5.406"/>
  <testcase classname="test.FinalTest" name="Womens_ShawlsCEF" time="5.087"/>
</testsuite> <!-- Surefire test -->
